[2020-12-02 06:21:27] local.ERROR: During class fetch: Uncaught ParseError: syntax error, unexpected ')', expecting ']' in C:\xampp\htdocs\softin\modinafashion\vendor\laravel\framework\src\Illuminate\Foundation\Auth\AuthenticatesUsers.php:160
Stack trace:
#0 C:\xampp\htdocs\softin\modinafashion\vendor\composer\ClassLoader.php(322): Composer\Autoload\includeFile('C:\\xampp\\htdocs...')
#1 [internal function]: Composer\Autoload\ClassLoader->loadClass('Illuminate\\Foun...')
#2 C:\xampp\htdocs\softin\modinafashion\app\Http\Controllers\Auth\LoginController.php(8): spl_autoload_call('Illuminate\\Foun...')
#3 C:\xampp\htdocs\softin\modinafashion\vendor\composer\ClassLoader.php(444): include('C:\\xampp\\htdocs...')
#4 C:\xampp\htdocs\softin\modinafashion\vendor\composer\ClassLoader.php(322): Composer\Autoload\includeFile('C:\\xampp\\htdocs...')
#5 [internal function]: Composer\Autoload\ClassLoader->loadClass('App\\Http\\Contro...')
#6 [internal function]: spl_autoload_call('App\\Http\\Contro...')
#7 C:\xampp\htdocs\softin\modinafashion\vendor\laravel\ {"exception":"[object] (Symfony\\Component\\Debug\\Exception\\FatalErrorException(code: 1): During class fetch: Uncaught ParseError: syntax error, unexpected ')', expecting ']' in C:\\xampp\\htdocs\\softin\\modinafashion\\vendor\\laravel\\framework\\src\\Illuminate\\Foundation\\Auth\\AuthenticatesUsers.php:160
Stack trace:
#0 C:\\xampp\\htdocs\\softin\\modinafashion\\vendor\\composer\\ClassLoader.php(322): Composer\\Autoload\\includeFile('C:\\\\xampp\\\\htdocs...')
#1 [internal function]: Composer\\Autoload\\ClassLoader->loadClass('Illuminate\\\\Foun...')
#2 C:\\xampp\\htdocs\\softin\\modinafashion\\app\\Http\\Controllers\\Auth\\LoginController.php(8): spl_autoload_call('Illuminate\\\\Foun...')
#3 C:\\xampp\\htdocs\\softin\\modinafashion\\vendor\\composer\\ClassLoader.php(444): include('C:\\\\xampp\\\\htdocs...')
#4 C:\\xampp\\htdocs\\softin\\modinafashion\\vendor\\composer\\ClassLoader.php(322): Composer\\Autoload\\includeFile('C:\\\\xampp\\\\htdocs...')
#5 [internal function]: Composer\\Autoload\\ClassLoader->loadClass('App\\\\Http\\\\Contro...')
#6 [internal function]: spl_autoload_call('App\\\\Http\\\\Contro...')
#7 C:\\xampp\\htdocs\\softin\\modinafashion\\vendor\\laravel\\ at C:\\xampp\\htdocs\\softin\\modinafashion\\app\\Http\\Controllers\\Auth\\LoginController.php:8)
[stacktrace]
#0 {main}
"} 
[2020-12-02 07:06:02] local.ERROR: SQLSTATE[42000]: Syntax error or access violation: 1140 Mixing of GROUP columns (MIN(),MAX(),COUNT(),...) with no GROUP columns is illegal if there is no GROUP BY clause (SQL:  SELECT t1.loging_user as loging_user, t1.user_types as user_types FROM(
SELECT IF(user_type='admin',COUNT(`login_user`),0 )  AS loging_user,'Admin' AS user_types
FROM users
WHERE `login_user`=1
UNION ALL
SELECT IF(user_type='center',COUNT(`login_user`),0 )  AS loging_user,'Center' AS user_types
FROM users
WHERE `login_user`=1
UNION ALL
SELECT IF(user_type='student',COUNT(`login_user`),0 )  AS loging_user,'Student' AS user_types
FROM users
WHERE `login_user`=1) as t1 ) {"exception":"[object] (Illuminate\\Database\\QueryException(code: 42000): SQLSTATE[42000]: Syntax error or access violation: 1140 Mixing of GROUP columns (MIN(),MAX(),COUNT(),...) with no GROUP columns is illegal if there is no GROUP BY clause (SQL:  SELECT t1.loging_user as loging_user, t1.user_types as user_types FROM(
SELECT IF(user_type='admin',COUNT(`login_user`),0 )  AS loging_user,'Admin' AS user_types
FROM users
WHERE `login_user`=1
UNION ALL
SELECT IF(user_type='center',COUNT(`login_user`),0 )  AS loging_user,'Center' AS user_types
FROM users
WHERE `login_user`=1
UNION ALL
SELECT IF(user_type='student',COUNT(`login_user`),0 )  AS loging_user,'Student' AS user_types
FROM users
WHERE `login_user`=1) as t1 ) at C:\\xampp\\htdocs\\softin\\modinafashion\\vendor\\laravel\\framework\\src\\Illuminate\\Database\\Connection.php:664, PDOException(code: 42000): SQLSTATE[42000]: Syntax error or access violation: 1140 Mixing of GROUP columns (MIN(),MAX(),COUNT(),...) with no GROUP columns is illegal if there is no GROUP BY clause at C:\\xampp\\htdocs\\softin\\modinafashion\\vendor\\laravel\\framework\\src\\Illuminate\\Database\\Connection.php:326)
[stacktrace]
#0 C:\\xampp\\htdocs\\softin\\modinafashion\\vendor\\laravel\\framework\\src\\Illuminate\\Database\\Connection.php(624): Illuminate\\Database\\Connection->runQueryCallback(' SELECT t1.logi...', Array, Object(Closure))
#1 C:\\xampp\\htdocs\\softin\\modinafashion\\vendor\\laravel\\framework\\src\\Illuminate\\Database\\Connection.php(333): Illuminate\\Database\\Connection->run(' SELECT t1.logi...', Array, Object(Closure))
#2 C:\\xampp\\htdocs\\softin\\modinafashion\\vendor\\laravel\\framework\\src\\Illuminate\\Database\\DatabaseManager.php(349): Illuminate\\Database\\Connection->select(' SELECT t1.logi...')
#3 C:\\xampp\\htdocs\\softin\\modinafashion\\vendor\\laravel\\framework\\src\\Illuminate\\Support\\Facades\\Facade.php(239): Illuminate\\Database\\DatabaseManager->__call('select', Array)
#4 C:\\xampp\\htdocs\\softin\\modinafashion\\app\\Providers\\AppServiceProvider.php(40): Illuminate\\Support\\Facades\\Facade::__callStatic('select', Array)
#5 [internal function]: App\\Providers\\AppServiceProvider->boot()
#6 C:\\xampp\\htdocs\\softin\\modinafashion\\vendor\\laravel\\framework\\src\\Illuminate\\Container\\BoundMethod.php(32): call_user_func_array(Array, Array)
#7 C:\\xampp\\htdocs\\softin\\modinafashion\\vendor\\laravel\\framework\\src\\Illuminate\\Container\\BoundMethod.php(90): Illuminate\\Container\\BoundMethod::Illuminate\\Container\\{closure}()
#8 C:\\xampp\\htdocs\\softin\\modinafashion\\vendor\\laravel\\framework\\src\\Illuminate\\Container\\BoundMethod.php(34): Illuminate\\Container\\BoundMethod::callBoundMethod(Object(Illuminate\\Foundation\\Application), Array, Object(Closure))
#9 C:\\xampp\\htdocs\\softin\\modinafashion\\vendor\\laravel\\framework\\src\\Illuminate\\Container\\Container.php(576): Illuminate\\Container\\BoundMethod::call(Object(Illuminate\\Foundation\\Application), Array, Array, NULL)
#10 C:\\xampp\\htdocs\\softin\\modinafashion\\vendor\\laravel\\framework\\src\\Illuminate\\Foundation\\Application.php(827): Illuminate\\Container\\Container->call(Array)
#11 C:\\xampp\\htdocs\\softin\\modinafashion\\vendor\\laravel\\framework\\src\\Illuminate\\Foundation\\Application.php(810): Illuminate\\Foundation\\Application->bootProvider(Object(App\\Providers\\AppServiceProvider))
#12 [internal function]: Illuminate\\Foundation\\Application->Illuminate\\Foundation\\{closure}(Object(App\\Providers\\AppServiceProvider), 19)
#13 C:\\xampp\\htdocs\\softin\\modinafashion\\vendor\\laravel\\framework\\src\\Illuminate\\Foundation\\Application.php(811): array_walk(Array, Object(Closure))
#14 C:\\xampp\\htdocs\\softin\\modinafashion\\vendor\\laravel\\framework\\src\\Illuminate\\Foundation\\Bootstrap\\BootProviders.php(17): Illuminate\\Foundation\\Application->boot()
#15 C:\\xampp\\htdocs\\softin\\modinafashion\\vendor\\laravel\\framework\\src\\Illuminate\\Foundation\\Application.php(210): Illuminate\\Foundation\\Bootstrap\\BootProviders->bootstrap(Object(Illuminate\\Foundation\\Application))
#16 C:\\xampp\\htdocs\\softin\\modinafashion\\vendor\\laravel\\framework\\src\\Illuminate\\Foundation\\Http\\Kernel.php(162): Illuminate\\Foundation\\Application->bootstrapWith(Array)
#17 C:\\xampp\\htdocs\\softin\\modinafashion\\vendor\\laravel\\framework\\src\\Illuminate\\Foundation\\Http\\Kernel.php(146): Illuminate\\Foundation\\Http\\Kernel->bootstrap()
#18 C:\\xampp\\htdocs\\softin\\modinafashion\\vendor\\laravel\\framework\\src\\Illuminate\\Foundation\\Http\\Kernel.php(116): Illuminate\\Foundation\\Http\\Kernel->sendRequestThroughRouter(Object(Illuminate\\Http\\Request))
#19 C:\\xampp\\htdocs\\softin\\modinafashion\\public\\index.php(55): Illuminate\\Foundation\\Http\\Kernel->handle(Object(Illuminate\\Http\\Request))
#20 C:\\xampp\\htdocs\\softin\\modinafashion\\server.php(21): require_once('C:\\\\xampp\\\\htdocs...')
#21 {main}
"} 
[2020-12-02 07:06:19] local.ERROR: SQLSTATE[42000]: Syntax error or access violation: 1140 Mixing of GROUP columns (MIN(),MAX(),COUNT(),...) with no GROUP columns is illegal if there is no GROUP BY clause (SQL:  SELECT t1.loging_user as loging_user, t1.user_types as user_types FROM(
                SELECT IF(user_type='admin',COUNT(`login_user`),0 )  AS loging_user,'Admin' AS user_types
                FROM users
                WHERE `login_user`=1
                UNION ALL
                SELECT IF(user_type='center',COUNT(`login_user`),0 )  AS loging_user,'Center' AS user_types
                FROM users
                WHERE `login_user`=1
                UNION ALL
                SELECT IF(user_type='student',COUNT(`login_user`),0 )  AS loging_user,'Student' AS user_types
                FROM users
                WHERE `login_user`=1) as t1 ) {"exception":"[object] (Illuminate\\Database\\QueryException(code: 42000): SQLSTATE[42000]: Syntax error or access violation: 1140 Mixing of GROUP columns (MIN(),MAX(),COUNT(),...) with no GROUP columns is illegal if there is no GROUP BY clause (SQL:  SELECT t1.loging_user as loging_user, t1.user_types as user_types FROM(
                SELECT IF(user_type='admin',COUNT(`login_user`),0 )  AS loging_user,'Admin' AS user_types
                FROM users
                WHERE `login_user`=1
                UNION ALL
                SELECT IF(user_type='center',COUNT(`login_user`),0 )  AS loging_user,'Center' AS user_types
                FROM users
                WHERE `login_user`=1
                UNION ALL
                SELECT IF(user_type='student',COUNT(`login_user`),0 )  AS loging_user,'Student' AS user_types
                FROM users
                WHERE `login_user`=1) as t1 ) at C:\\xampp\\htdocs\\softin\\modinafashion\\vendor\\laravel\\framework\\src\\Illuminate\\Database\\Connection.php:664, PDOException(code: 42000): SQLSTATE[42000]: Syntax error or access violation: 1140 Mixing of GROUP columns (MIN(),MAX(),COUNT(),...) with no GROUP columns is illegal if there is no GROUP BY clause at C:\\xampp\\htdocs\\softin\\modinafashion\\vendor\\laravel\\framework\\src\\Illuminate\\Database\\Connection.php:326)
[stacktrace]
#0 C:\\xampp\\htdocs\\softin\\modinafashion\\vendor\\laravel\\framework\\src\\Illuminate\\Database\\Connection.php(624): Illuminate\\Database\\Connection->runQueryCallback(' SELECT t1.logi...', Array, Object(Closure))
#1 C:\\xampp\\htdocs\\softin\\modinafashion\\vendor\\laravel\\framework\\src\\Illuminate\\Database\\Connection.php(333): Illuminate\\Database\\Connection->run(' SELECT t1.logi...', Array, Object(Closure))
#2 C:\\xampp\\htdocs\\softin\\modinafashion\\vendor\\laravel\\framework\\src\\Illuminate\\Database\\DatabaseManager.php(349): Illuminate\\Database\\Connection->select(' SELECT t1.logi...')
#3 C:\\xampp\\htdocs\\softin\\modinafashion\\vendor\\laravel\\framework\\src\\Illuminate\\Support\\Facades\\Facade.php(239): Illuminate\\Database\\DatabaseManager->__call('select', Array)
#4 C:\\xampp\\htdocs\\softin\\modinafashion\\app\\Providers\\AppServiceProvider.php(40): Illuminate\\Support\\Facades\\Facade::__callStatic('select', Array)
#5 [internal function]: App\\Providers\\AppServiceProvider->boot()
#6 C:\\xampp\\htdocs\\softin\\modinafashion\\vendor\\laravel\\framework\\src\\Illuminate\\Container\\BoundMethod.php(32): call_user_func_array(Array, Array)
#7 C:\\xampp\\htdocs\\softin\\modinafashion\\vendor\\laravel\\framework\\src\\Illuminate\\Container\\BoundMethod.php(90): Illuminate\\Container\\BoundMethod::Illuminate\\Container\\{closure}()
#8 C:\\xampp\\htdocs\\softin\\modinafashion\\vendor\\laravel\\framework\\src\\Illuminate\\Container\\BoundMethod.php(34): Illuminate\\Container\\BoundMethod::callBoundMethod(Object(Illuminate\\Foundation\\Application), Array, Object(Closure))
#9 C:\\xampp\\htdocs\\softin\\modinafashion\\vendor\\laravel\\framework\\src\\Illuminate\\Container\\Container.php(576): Illuminate\\Container\\BoundMethod::call(Object(Illuminate\\Foundation\\Application), Array, Array, NULL)
#10 C:\\xampp\\htdocs\\softin\\modinafashion\\vendor\\laravel\\framework\\src\\Illuminate\\Foundation\\Application.php(827): Illuminate\\Container\\Container->call(Array)
#11 C:\\xampp\\htdocs\\softin\\modinafashion\\vendor\\laravel\\framework\\src\\Illuminate\\Foundation\\Application.php(810): Illuminate\\Foundation\\Application->bootProvider(Object(App\\Providers\\AppServiceProvider))
#12 [internal function]: Illuminate\\Foundation\\Application->Illuminate\\Foundation\\{closure}(Object(App\\Providers\\AppServiceProvider), 19)
#13 C:\\xampp\\htdocs\\softin\\modinafashion\\vendor\\laravel\\framework\\src\\Illuminate\\Foundation\\Application.php(811): array_walk(Array, Object(Closure))
#14 C:\\xampp\\htdocs\\softin\\modinafashion\\vendor\\laravel\\framework\\src\\Illuminate\\Foundation\\Bootstrap\\BootProviders.php(17): Illuminate\\Foundation\\Application->boot()
#15 C:\\xampp\\htdocs\\softin\\modinafashion\\vendor\\laravel\\framework\\src\\Illuminate\\Foundation\\Application.php(210): Illuminate\\Foundation\\Bootstrap\\BootProviders->bootstrap(Object(Illuminate\\Foundation\\Application))
#16 C:\\xampp\\htdocs\\softin\\modinafashion\\vendor\\laravel\\framework\\src\\Illuminate\\Foundation\\Http\\Kernel.php(162): Illuminate\\Foundation\\Application->bootstrapWith(Array)
#17 C:\\xampp\\htdocs\\softin\\modinafashion\\vendor\\laravel\\framework\\src\\Illuminate\\Foundation\\Http\\Kernel.php(146): Illuminate\\Foundation\\Http\\Kernel->bootstrap()
#18 C:\\xampp\\htdocs\\softin\\modinafashion\\vendor\\laravel\\framework\\src\\Illuminate\\Foundation\\Http\\Kernel.php(116): Illuminate\\Foundation\\Http\\Kernel->sendRequestThroughRouter(Object(Illuminate\\Http\\Request))
#19 C:\\xampp\\htdocs\\softin\\modinafashion\\public\\index.php(55): Illuminate\\Foundation\\Http\\Kernel->handle(Object(Illuminate\\Http\\Request))
#20 C:\\xampp\\htdocs\\softin\\modinafashion\\server.php(21): require_once('C:\\\\xampp\\\\htdocs...')
#21 {main}
"} 
